# JRE version: OpenJDK Runtime Environment Temurin-21.0.12.1+1 (21.0.12.1+1) (build 21.0.12.1+1-LTS)
# Java VM: OpenJDK 64-Bit Server VM Temurin-21.0.12.1+1 (21.0.12.1+1-LTS, mixed mode, sharing, tiered, compressed oops, compressed class ptrs, parallel gc, windows-amd64)
GC Precious Log:
 CardTable entry size: 512
 CPUs: 12 total, 12 available
 Memory: 5989M
 Large Page Support: Disabled
 NUMA Support: Disabled
 Compressed Oops: Enabled (32-bit)
 Alignments: Space 512K, Generation 512K, Heap 2M
 Heap Min Capacity: 100M
 Heap Initial Capacity: 100M
 Heap Max Capacity: 2G
 Pre-touch: Disabled
 Parallel Workers: 10
Heap:
 PSYoungGen      total 21504K, used 14488K [0x00000000d5580000, 0x00000000d7200000, 0x0000000100000000)
  eden space 17408K, 59% used [0x00000000d5580000,0x00000000d5fae1f0,0x00000000d6680000)
  from space 4096K, 99% used [0x00000000d6b80000,0x00000000d6f78048,0x00000000d6f80000)
  to   space 5120K, 0% used [0x00000000d6680000,0x00000000d6680000,0x00000000d6b80000)
 ParOldGen       total 1398272K, used 54240K [0x0000000080000000, 0x00000000d5580000, 0x00000000d5580000)
  object space 1398272K, 3% used [0x0000000080000000,0x00000000834f8228,0x00000000d5580000)
 Metaspace       used 81068K, committed 82496K, reserved 1179648K
  class space    used 8356K, committed 8960K, reserved 1048576K
GC Heap History (20 events):
Event: 1794.502 GC heap before
{Heap before GC invocations=171 (full 6):
 PSYoungGen      total 19456K, used 19447K [0x00000000d5580000, 0x00000000d6b80000, 0x0000000100000000)
  eden space 17920K, 99% used [0x00000000d5580000,0x00000000d66fdc00,0x00000000d6700000)
  from space 1536K, 100% used [0x00000000d6900000,0x00000000d6a80000,0x00000000d6a80000)
  to   space 2048K, 0% used [0x00000000d6700000,0x00000000d6700000,0x00000000d6900000)
 ParOldGen       total 1398272K, used 51294K [0x0000000080000000, 0x00000000d5580000, 0x00000000d5580000)
  object space 1398272K, 3% used [0x0000000080000000,0x0000000083217830,0x00000000d5580000)
 Metaspace       used 80687K, committed 82112K, reserved 1179648K
  class space    used 8338K, committed 8960K, reserved 1048576K
}
Event: 1794.505 GC heap after
{Heap after GC invocations=171 (full 6):
 PSYoungGen      total 19968K, used 1536K [0x00000000d5580000, 0x00000000d6b80000, 0x0000000100000000)
  eden space 17920K, 0% used [0x00000000d5580000,0x00000000d5580000,0x00000000d6700000)
  from space 2048K, 75% used [0x00000000d6700000,0x00000000d6880040,0x00000000d6900000)
  to   space 2048K, 0% used [0x00000000d6980000,0x00000000d6980000,0x00000000d6b80000)
 ParOldGen       total 1398272K, used 51294K [0x0000000080000000, 0x00000000d5580000, 0x00000000d5580000)
  object space 1398272K, 3% used [0x0000000080000000,0x0000000083217830,0x00000000d5580000)
 Metaspace       used 80687K, committed 82112K, reserved 1179648K
  class space    used 8338K, committed 8960K, reserved 1048576K
}
Event: 1799.427 GC heap before
{Heap before GC invocations=172 (full 6):
 PSYoungGen      total 19968K, used 19456K [0x00000000d5580000, 0x00000000d6b80000, 0x0000000100000000)
  eden space 17920K, 99% used [0x00000000d5580000,0x00000000d66ffff8,0x00000000d6700000)
  from space 2048K, 75% used [0x00000000d6700000,0x00000000d6880040,0x00000000d6900000)
  to   space 2048K, 0% used [0x00000000d6980000,0x00000000d6980000,0x00000000d6b80000)
 ParOldGen       total 1398272K, used 51294K [0x0000000080000000, 0x00000000d5580000, 0x00000000d5580000)
  object space 1398272K, 3% used [0x0000000080000000,0x0000000083217830,0x00000000d5580000)
 Metaspace       used 80691K, committed 82112K, reserved 1179648K
  class space    used 8338K, committed 8960K, reserved 1048576K
}
Event: 1799.430 GC heap after
{Heap after GC invocations=172 (full 6):
 PSYoungGen      total 20480K, used 1936K [0x00000000d5580000, 0x00000000d6b80000, 0x0000000100000000)
  eden space 18432K, 0% used [0x00000000d5580000,0x00000000d5580000,0x00000000d6780000)
  from space 2048K, 94% used [0x00000000d6980000,0x00000000d6b64030,0x00000000d6b80000)
  to   space 2048K, 0% used [0x00000000d6780000,0x00000000d6780000,0x00000000d6980000)
 ParOldGen       total 1398272K, used 51294K [0x0000000080000000, 0x00000000d5580000, 0x00000000d5580000)
  object space 1398272K, 3% used [0x0000000080000000,0x0000000083217830,0x00000000d5580000)
 Metaspace       used 80691K, committed 82112K, reserved 1179648K
  class space    used 8338K, committed 8960K, reserved 1048576K
}
Event: 1802.405 GC heap before
{Heap before GC invocations=173 (full 6):
 PSYoungGen      total 20480K, used 20368K [0x00000000d5580000, 0x00000000d6b80000, 0x0000000100000000)
  eden space 18432K, 100% used [0x00000000d5580000,0x00000000d6780000,0x00000000d6780000)
  from space 2048K, 94% used [0x00000000d6980000,0x00000000d6b64030,0x00000000d6b80000)
  to   space 2048K, 0% used [0x00000000d6780000,0x00000000d6780000,0x00000000d6980000)
 ParOldGen       total 1398272K, used 51294K [0x0000000080000000, 0x00000000d5580000, 0x00000000d5580000)
  object space 1398272K, 3% used [0x0000000080000000,0x0000000083217830,0x00000000d5580000)
 Metaspace       used 80706K, committed 82176K, reserved 1179648K
  class space    used 8338K, committed 8960K, reserved 1048576K
}
Event: 1802.409 GC heap after
{Heap after GC invocations=173 (full 6):
 PSYoungGen      total 20480K, used 1872K [0x00000000d5580000, 0x00000000d6c00000, 0x0000000100000000)
  eden space 18432K, 0% used [0x00000000d5580000,0x00000000d5580000,0x00000000d6780000)
  from space 2048K, 91% used [0x00000000d6780000,0x00000000d6954030,0x00000000d6980000)
  to   space 2048K, 0% used [0x00000000d6a00000,0x00000000d6a00000,0x00000000d6c00000)
 ParOldGen       total 1398272K, used 51358K [0x0000000080000000, 0x00000000d5580000, 0x00000000d5580000)
  object space 1398272K, 3% used [0x0000000080000000,0x0000000083227830,0x00000000d5580000)
 Metaspace       used 80706K, committed 82176K, reserved 1179648K
  class space    used 8338K, committed 8960K, reserved 1048576K
}
Event: 1804.993 GC heap before
{Heap before GC invocations=174 (full 6):
 PSYoungGen      total 20480K, used 20304K [0x00000000d5580000, 0x00000000d6c00000, 0x0000000100000000)
  eden space 18432K, 100% used [0x00000000d5580000,0x00000000d6780000,0x00000000d6780000)
  from space 2048K, 91% used [0x00000000d6780000,0x00000000d6954030,0x00000000d6980000)
  to   space 2048K, 0% used [0x00000000d6a00000,0x00000000d6a00000,0x00000000d6c00000)
 ParOldGen       total 1398272K, used 51358K [0x0000000080000000, 0x00000000d5580000, 0x00000000d5580000)
  object space 1398272K, 3% used [0x0000000080000000,0x0000000083227830,0x00000000d5580000)
 Metaspace       used 80734K, committed 82176K, reserved 1179648K
  class space    used 8338K, committed 8960K, reserved 1048576K
}
Event: 1805.000 GC heap after
{Heap after GC invocations=174 (full 6):
 PSYoungGen      total 18944K, used 2022K [0x00000000d5580000, 0x00000000d7000000, 0x0000000100000000)
  eden space 16896K, 0% used [0x00000000d5580000,0x00000000d5580000,0x00000000d6600000)
  from space 2048K, 98% used [0x00000000d6a00000,0x00000000d6bf9b48,0x00000000d6c00000)
  to   space 4096K, 0% used [0x00000000d6600000,0x00000000d6600000,0x00000000d6a00000)
 ParOldGen       total 1398272K, used 52875K [0x0000000080000000, 0x00000000d5580000, 0x00000000d5580000)
  object space 1398272K, 3% used [0x0000000080000000,0x00000000833a2da8,0x00000000d5580000)
 Metaspace       used 80734K, committed 82176K, reserved 1179648K
  class space    used 8338K, committed 8960K, reserved 1048576K
}
Event: 1807.572 GC heap before
{Heap before GC invocations=175 (full 6):
 PSYoungGen      total 18944K, used 18918K [0x00000000d5580000, 0x00000000d7000000, 0x0000000100000000)
  eden space 16896K, 100% used [0x00000000d5580000,0x00000000d6600000,0x00000000d6600000)
  from space 2048K, 98% used [0x00000000d6a00000,0x00000000d6bf9b48,0x00000000d6c00000)
  to   space 4096K, 0% used [0x00000000d6600000,0x00000000d6600000,0x00000000d6a00000)
 ParOldGen       total 1398272K, used 52875K [0x0000000080000000, 0x00000000d5580000, 0x00000000d5580000)
  object space 1398272K, 3% used [0x0000000080000000,0x00000000833a2da8,0x00000000d5580000)
 Metaspace       used 80738K, committed 82176K, reserved 1179648K
  class space    used 8338K, committed 8960K, reserved 1048576K
}
Event: 1807.578 GC heap after
{Heap after GC invocations=175 (full 6):
 PSYoungGen      total 20992K, used 4086K [0x00000000d5580000, 0x00000000d7080000, 0x0000000100000000)
  eden space 16896K, 0% used [0x00000000d5580000,0x00000000d5580000,0x00000000d6600000)
  from space 4096K, 99% used [0x00000000d6600000,0x00000000d69fdb58,0x00000000d6a00000)
  to   space 5120K, 0% used [0x00000000d6b80000,0x00000000d6b80000,0x00000000d7080000)
 ParOldGen       total 1398272K, used 53376K [0x0000000080000000, 0x00000000d5580000, 0x00000000d5580000)
  object space 1398272K, 3% used [0x0000000080000000,0x0000000083420228,0x00000000d5580000)
 Metaspace       used 80738K, committed 82176K, reserved 1179648K
  class space    used 8338K, committed 8960K, reserved 1048576K
}
Event: 1817.250 GC heap before
{Heap before GC invocations=176 (full 6):
 PSYoungGen      total 20992K, used 20982K [0x00000000d5580000, 0x00000000d7080000, 0x0000000100000000)
  eden space 16896K, 100% used [0x00000000d5580000,0x00000000d6600000,0x00000000d6600000)
  from space 4096K, 99% used [0x00000000d6600000,0x00000000d69fdb58,0x00000000d6a00000)
  to   space 5120K, 0% used [0x00000000d6b80000,0x00000000d6b80000,0x00000000d7080000)
 ParOldGen       total 1398272K, used 53376K [0x0000000080000000, 0x00000000d5580000, 0x00000000d5580000)
  object space 1398272K, 3% used [0x0000000080000000,0x0000000083420228,0x00000000d5580000)
 Metaspace       used 80758K, committed 82176K, reserved 1179648K
  class space    used 8338K, committed 8960K, reserved 1048576K
}
Event: 1817.254 GC heap after
{Heap after GC invocations=176 (full 6):
 PSYoungGen      total 21504K, used 3942K [0x00000000d5580000, 0x00000000d6f80000, 0x0000000100000000)
  eden space 17408K, 0% used [0x00000000d5580000,0x00000000d5580000,0x00000000d6680000)
  from space 4096K, 96% used [0x00000000d6b80000,0x00000000d6f59b48,0x00000000d6f80000)
  to   space 4608K, 0% used [0x00000000d6680000,0x00000000d6680000,0x00000000d6b00000)
 ParOldGen       total 1398272K, used 53432K [0x0000000080000000, 0x00000000d5580000, 0x00000000d5580000)
  object space 1398272K, 3% used [0x0000000080000000,0x000000008342e228,0x00000000d5580000)
 Metaspace       used 80758K, committed 82176K, reserved 1179648K
  class space    used 8338K, committed 8960K, reserved 1048576K
}
Event: 1833.925 GC heap before
{Heap before GC invocations=177 (full 6):
 PSYoungGen      total 21504K, used 21350K [0x00000000d5580000, 0x00000000d6f80000, 0x0000000100000000)
  eden space 17408K, 100% used [0x00000000d5580000,0x00000000d6680000,0x00000000d6680000)
  from space 4096K, 96% used [0x00000000d6b80000,0x00000000d6f59b48,0x00000000d6f80000)
  to   space 4608K, 0% used [0x00000000d6680000,0x00000000d6680000,0x00000000d6b00000)
 ParOldGen       total 1398272K, used 53432K [0x0000000080000000, 0x00000000d5580000, 0x00000000d5580000)
  object space 1398272K, 3% used [0x0000000080000000,0x000000008342e228,0x00000000d5580000)
 Metaspace       used 80761K, committed 82176K, reserved 1179648K
  class space    used 8338K, committed 8960K, reserved 1048576K
}
Event: 1833.938 GC heap after
{Heap after GC invocations=177 (full 6):
 PSYoungGen      total 22016K, used 4230K [0x00000000d5580000, 0x00000000d7000000, 0x0000000100000000)
  eden space 17408K, 0% used [0x00000000d5580000,0x00000000d5580000,0x00000000d6680000)
  from space 4608K, 91% used [0x00000000d6680000,0x00000000d6aa1b68,0x00000000d6b00000)
  to   space 4608K, 0% used [0x00000000d6b80000,0x00000000d6b80000,0x00000000d7000000)
 ParOldGen       total 1398272K, used 53432K [0x0000000080000000, 0x00000000d5580000, 0x00000000d5580000)
  object space 1398272K, 3% used [0x0000000080000000,0x000000008342e228,0x00000000d5580000)
 Metaspace       used 80761K, committed 82176K, reserved 1179648K
  class space    used 8338K, committed 8960K, reserved 1048576K
}
Event: 1836.708 GC heap before
{Heap before GC invocations=178 (full 6):
 PSYoungGen      total 22016K, used 21638K [0x00000000d5580000, 0x00000000d7000000, 0x0000000100000000)
  eden space 17408K, 100% used [0x00000000d5580000,0x00000000d6680000,0x00000000d6680000)
  from space 4608K, 91% used [0x00000000d6680000,0x00000000d6aa1b68,0x00000000d6b00000)
  to   space 4608K, 0% used [0x00000000d6b80000,0x00000000d6b80000,0x00000000d7000000)
 ParOldGen       total 1398272K, used 53432K [0x0000000080000000, 0x00000000d5580000, 0x00000000d5580000)
  object space 1398272K, 3% used [0x0000000080000000,0x000000008342e228,0x00000000d5580000)
 Metaspace       used 80823K, committed 82240K, reserved 1179648K
  class space    used 8338K, committed 8960K, reserved 1048576K
}
Event: 1836.713 GC heap after
{Heap after GC invocations=178 (full 6):
 PSYoungGen      total 22016K, used 3910K [0x00000000d5580000, 0x00000000d6f80000, 0x0000000100000000)
  eden space 17920K, 0% used [0x00000000d5580000,0x00000000d5580000,0x00000000d6700000)
  from space 4096K, 95% used [0x00000000d6b80000,0x00000000d6f51b48,0x00000000d6f80000)
  to   space 4096K, 0% used [0x00000000d6780000,0x00000000d6780000,0x00000000d6b80000)
 ParOldGen       total 1398272K, used 53440K [0x0000000080000000, 0x00000000d5580000, 0x00000000d5580000)
  object space 1398272K, 3% used [0x0000000080000000,0x0000000083430228,0x00000000d5580000)
 Metaspace       used 80823K, committed 82240K, reserved 1179648K
  class space    used 8338K, committed 8960K, reserved 1048576K
}
Event: 1849.773 GC heap before
{Heap before GC invocations=179 (full 6):
 PSYoungGen      total 22016K, used 21830K [0x00000000d5580000, 0x00000000d6f80000, 0x0000000100000000)
  eden space 17920K, 100% used [0x00000000d5580000,0x00000000d6700000,0x00000000d6700000)
  from space 4096K, 95% used [0x00000000d6b80000,0x00000000d6f51b48,0x00000000d6f80000)
  to   space 4096K, 0% used [0x00000000d6780000,0x00000000d6780000,0x00000000d6b80000)
 ParOldGen       total 1398272K, used 53440K [0x0000000080000000, 0x00000000d5580000, 0x00000000d5580000)
  object space 1398272K, 3% used [0x0000000080000000,0x0000000083430228,0x00000000d5580000)
 Metaspace       used 80889K, committed 82304K, reserved 1179648K
  class space    used 8345K, committed 8960K, reserved 1048576K
}
Event: 1849.777 GC heap after
{Heap after GC invocations=179 (full 6):
 PSYoungGen      total 22528K, used 4006K [0x00000000d5580000, 0x00000000d6f80000, 0x0000000100000000)
  eden space 18432K, 0% used [0x00000000d5580000,0x00000000d5580000,0x00000000d6780000)
  from space 4096K, 97% used [0x00000000d6780000,0x00000000d6b69b48,0x00000000d6b80000)
  to   space 4096K, 0% used [0x00000000d6b80000,0x00000000d6b80000,0x00000000d6f80000)
 ParOldGen       total 1398272K, used 53512K [0x0000000080000000, 0x00000000d5580000, 0x00000000d5580000)
  object space 1398272K, 3% used [0x0000000080000000,0x0000000083442228,0x00000000d5580000)
 Metaspace       used 80889K, committed 82304K, reserved 1179648K
  class space    used 8345K, committed 8960K, reserved 1048576K
}
Event: 1890.977 GC heap before
{Heap before GC invocations=180 (full 6):
 PSYoungGen      total 22528K, used 22438K [0x00000000d5580000, 0x00000000d6f80000, 0x0000000100000000)
  eden space 18432K, 100% used [0x00000000d5580000,0x00000000d6780000,0x00000000d6780000)
  from space 4096K, 97% used [0x00000000d6780000,0x00000000d6b69b48,0x00000000d6b80000)
  to   space 4096K, 0% used [0x00000000d6b80000,0x00000000d6b80000,0x00000000d6f80000)
 ParOldGen       total 1398272K, used 53512K [0x0000000080000000, 0x00000000d5580000, 0x00000000d5580000)
  object space 1398272K, 3% used [0x0000000080000000,0x0000000083442228,0x00000000d5580000)
 Metaspace       used 81038K, committed 82432K, reserved 1179648K
  class space    used 8356K, committed 8960K, reserved 1048576K
}
Event: 1891.001 GC heap after
{Heap after GC invocations=180 (full 6):
 PSYoungGen      total 21504K, used 4064K [0x00000000d5580000, 0x00000000d7200000, 0x0000000100000000)
  eden space 17408K, 0% used [0x00000000d5580000,0x00000000d5580000,0x00000000d6680000)
  from space 4096K, 99% used [0x00000000d6b80000,0x00000000d6f78048,0x00000000d6f80000)
  to   space 5120K, 0% used [0x00000000d6680000,0x00000000d6680000,0x00000000d6b80000)
 ParOldGen       total 1398272K, used 54240K [0x0000000080000000, 0x00000000d5580000, 0x00000000d5580000)
  object space 1398272K, 3% used [0x0000000080000000,0x00000000834f8228,0x00000000d5580000)
 Metaspace       used 81038K, committed 82432K, reserved 1179648K
  class space    used 8356K, committed 8960K, reserved 1048576K
}

